[INFO  - 2020-03-29T00:35:03.508Z] GhostDriver - Main - running on port 56218
[INFO  - 2020-03-29T00:35:04.344Z] Session [21ea8d40-7155-11ea-ae11-051c0b01e688] - page.settings - {"XSSAuditingEnabled":false,"javascriptCanCloseWindows":true,"javascriptCanOpenWindows":true,"javascriptEnabled":true,"loadImages":true,"localToRemoteUrlAccessEnabled":false,"userAgent":"Mozilla/5.0 (Unknown; Linux x86_64) AppleWebKit/538.1 (KHTML, like Gecko) PhantomJS/2.1.1 Safari/538.1","webSecurityEnabled":true}
[INFO  - 2020-03-29T00:35:04.344Z] Session [21ea8d40-7155-11ea-ae11-051c0b01e688] - page.customHeaders:  - {}
[INFO  - 2020-03-29T00:35:04.344Z] Session [21ea8d40-7155-11ea-ae11-051c0b01e688] - Session.negotiatedCapabilities - {"browserName":"phantomjs","version":"2.1.1","driverName":"ghostdriver","driverVersion":"1.2.0","platform":"linux-unknown-64bit","javascriptEnabled":true,"takesScreenshot":true,"handlesAlerts":false,"databaseEnabled":false,"locationContextEnabled":false,"applicationCacheEnabled":false,"browserConnectionEnabled":false,"cssSelectorsEnabled":true,"webStorageEnabled":false,"rotatable":false,"acceptSslCerts":false,"nativeEvents":true,"proxy":{"proxyType":"direct"}}
[INFO  - 2020-03-29T00:35:04.344Z] SessionManagerReqHand - _postNewSessionCommand - New Session Created: 21ea8d40-7155-11ea-ae11-051c0b01e688
[INFO  - 2020-03-29T00:35:42.511Z] SessionManagerReqHand - _cleanupWindowlessSessions - Asynchronous Sessions clean-up phase starting NOW
[INFO  - 2020-03-29T00:40:42.961Z] SessionManagerReqHand - _cleanupWindowlessSessions - Asynchronous Sessions clean-up phase starting NOW
 - page.onError - stack:
  yl30 (https://cdn.jifo.co/js/dist/bundle_vendor-45812f3f22b0dc87ad33-1-webpack.js:2)
  a (https://cdn.jifo.co/js/dist/assets-embed_view-e26bcc99d73308ac228f-1-webpack.js:2)
  i8i4 (https://cdn.jifo.co/js/dist/bundle_vendor-45812f3f22b0dc87ad33-1-webpack.js:2)
  a (https://cdn.jifo.co/js/dist/assets-embed_view-e26bcc99d73308ac228f-1-webpack.js:2)
  JrY3 (https://cdn.jifo.co/js/dist/assets-embed_view-e26bcc99d73308ac228f-1-webpack.js:2)
  a (https://cdn.jifo.co/js/dist/assets-embed_view-e26bcc99d73308ac228f-1-webpack.js:2)
  BeUX (https://cdn.jifo.co/js/dist/assets-embed_view-e26bcc99d73308ac228f-1-webpack.js:2)
  a (https://cdn.jifo.co/js/dist/assets-embed_view-e26bcc99d73308ac228f-1-webpack.js:2)
  FL82 (https://cdn.jifo.co/js/dist/assets-embed_view-e26bcc99d73308ac228f-1-webpack.js:2)
  a (https://cdn.jifo.co/js/dist/assets-embed_view-e26bcc99d73308ac228f-1-webpack.js:2)
  (anonymous function) (https://cdn.jifo.co/js/dist/assets-embed_view-e26bcc99d73308ac228f-1-webpack.js:2)
  a (https://cdn.jifo.co/js/dist/assets-embed_view-e26bcc99d73308ac228f-1-webpack.js:2)
  r (https://cdn.jifo.co/js/dist/assets-embed_view-e26bcc99d73308ac228f-1-webpack.js:2)
  t (https://cdn.jifo.co/js/dist/assets-embed_view-e26bcc99d73308ac228f-1-webpack.js:2)

  phantomjs://platform/console++.js:263 in error
[ERROR - 2020-03-29T00:35:18.415Z] Session [21ea8d40-7155-11ea-ae11-051c0b01e688] - page.onError - msg: ReferenceError: Can't find variable: Map

  phantomjs://platform/console++.js:263 in error
[ERROR - 2020-03-29T00:35:18.415Z] Session [21ea8d40-7155-11ea-ae11-051c0b01e688] - page.onError - stack:
  yl30 (https://cdn.jifo.co/js/dist/bundle_vendor-45812f3f22b0dc87ad33-1-webpack.js:2)
  a (https://cdn.jifo.co/js/dist/assets-embed_view-e26bcc99d73308ac228f-1-webpack.js:2)
  i8i4 (https://cdn.jifo.co/js/dist/bundle_vendor-45812f3f22b0dc87ad33-1-webpack.js:2)
  a (https://cdn.jifo.co/js/dist/assets-embed_view-e26bcc99d73308ac228f-1-webpack.js:2)
  JrY3 (https://cdn.jifo.co/js/dist/assets-embed_view-e26bcc99d73308ac228f-1-webpack.js:2)
  a (https://cdn.jifo.co/js/dist/assets-embed_view-e26bcc99d73308ac228f-1-webpack.js:2)
  BeUX (https://cdn.jifo.co/js/dist/assets-embed_view-e26bcc99d73308ac228f-1-webpack.js:2)
  a (https://cdn.jifo.co/js/dist/assets-embed_view-e26bcc99d73308ac228f-1-webpack.js:2)
  FL82 (https://cdn.jifo.co/js/dist/assets-embed_view-e26bcc99d73308ac228f-1-webpack.js:2)
  a (https://cdn.jifo.co/js/dist/assets-embed_view-e26bcc99d73308ac228f-1-webpack.js:2)
  (anonymous function) (https://cdn.jifo.co/js/dist/assets-embed_view-e26bcc99d73308ac228f-1-webpack.js:2)
  a (https://cdn.jifo.co/js/dist/assets-embed_view-e26bcc99d73308ac228f-1-webpack.js:2)
  r (https://cdn.jifo.co/js/dist/assets-embed_view-e26bcc99d73308ac228f-1-webpack.js:2)
  t (https://cdn.jifo.co/js/dist/assets-embed_view-e26bcc99d73308ac228f-1-webpack.js:2)

  phantomjs://platform/console++.js:263 in error
[ERROR - 2020-03-29T00:35:18.421Z] Session [21ea8d40-7155-11ea-ae11-051c0b01e688] - page.onError - msg: ReferenceError: Can't find variable: Map

  phantomjs://platform/console++.js:263 in error
[ERROR - 2020-03-29T00:35:18.421Z] Session [21ea8d40-7155-11ea-ae11-051c0b01e688] - page.onError - stack:
  yl30 (https://cdn.jifo.co/js/dist/bundle_vendor-45812f3f22b0dc87ad33-1-webpack.js:2)
  a (https://cdn.jifo.co/js/dist/assets-embed_view-e26bcc99d73308ac228f-1-webpack.js:2)
  i8i4 (https://cdn.jifo.co/js/dist/bundle_vendor-45812f3f22b0dc87ad33-1-webpack.js:2)
  a (https://cdn.jifo.co/js/dist/assets-embed_view-e26bcc99d73308ac228f-1-webpack.js:2)
  JrY3 (https://cdn.jifo.co/js/dist/assets-embed_view-e26bcc99d73308ac228f-1-webpack.js:2)
  a (https://cdn.jifo.co/js/dist/assets-embed_view-e26bcc99d73308ac228f-1-webpack.js:2)
  BeUX (https://cdn.jifo.co/js/dist/assets-embed_view-e26bcc99d73308ac228f-1-webpack.js:2)
  a (https://cdn.jifo.co/js/dist/assets-embed_view-e26bcc99d73308ac228f-1-webpack.js:2)
  FL82 (https://cdn.jifo.co/js/dist/assets-embed_view-e26bcc99d73308ac228f-1-webpack.js:2)
  a (https://cdn.jifo.co/js/dist/assets-embed_view-e26bcc99d73308ac228f-1-webpack.js:2)
  (anonymous function) (https://cdn.jifo.co/js/dist/assets-embed_view-e26bcc99d73308ac228f-1-webpack.js:2)
  a (https://cdn.jifo.co/js/dist/assets-embed_view-e26bcc99d73308ac228f-1-webpack.js:2)
  r (https://cdn.jifo.co/js/dist/assets-embed_view-e26bcc99d73308ac228f-1-webpack.js:2)
  t (https://cdn.jifo.co/js/dist/assets-embed_view-e26bcc99d73308ac228f-1-webpack.js:2)

  phantomjs://platform/console++.js:263 in error
[ERROR - 2020-03-29T00:35:18.427Z] Session [21ea8d40-7155-11ea-ae11-051c0b01e688] - page.onError - msg: ReferenceError: Can't find variable: Map

  phantomjs://platform/console++.js:263 in error
[ERROR - 2020-03-29T00:35:18.427Z] Session [21ea8d40-7155-11ea-ae11-051c0b01e688] - page.onError - stack:
  yl30 (https://cdn.jifo.co/js/dist/bundle_vendor-45812f3f22b0dc87ad33-1-webpack.js:2)
  a (https://cdn.jifo.co/js/dist/assets-embed_view-e26bcc99d73308ac228f-1-webpack.js:2)
  i8i4 (https://cdn.jifo.co/js/dist/bundle_vendor-45812f3f22b0dc87ad33-1-webpack.js:2)
  a (https://cdn.jifo.co/js/dist/assets-embed_view-e26bcc99d73308ac228f-1-webpack.js:2)
  JrY3 (https://cdn.jifo.co/js/dist/assets-embed_view-e26bcc99d73308ac228f-1-webpack.js:2)
  a (https://cdn.jifo.co/js/dist/assets-embed_view-e26bcc99d73308ac228f-1-webpack.js:2)
  BeUX (https://cdn.jifo.co/js/dist/assets-embed_view-e26bcc99d73308ac228f-1-webpack.js:2)
  a (https://cdn.jifo.co/js/dist/assets-embed_view-e26bcc99d73308ac228f-1-webpack.js:2)
  FL82 (https://cdn.jifo.co/js/dist/assets-embed_view-e26bcc99d73308ac228f-1-webpack.js:2)
  a (https://cdn.jifo.co/js/dist/assets-embed_view-e26bcc99d73308ac228f-1-webpack.js:2)
  (anonymous function) (https://cdn.jifo.co/js/dist/assets-embed_view-e26bcc99d73308ac228f-1-webpack.js:2)
  a (https://cdn.jifo.co/js/dist/assets-embed_view-e26bcc99d73308ac228f-1-webpack.js:2)
  r (https://cdn.jifo.co/js/dist/assets-embed_view-e26bcc99d73308ac228f-1-webpack.js:2)
  t (https://cdn.jifo.co/js/dist/assets-embed_view-e26bcc99d73308ac228f-1-webpack.js:2)

  phantomjs://platform/console++.js:263 in error
[ERROR - 2020-03-29T00:35:18.441Z] Session [21ea8d40-7155-11ea-ae11-051c0b01e688] - page.onError - msg: ReferenceError: Can't find variable: Map

  phantomjs://platform/console++.js:263 in error
[ERROR - 2020-03-29T00:35:18.441Z] Session [21ea8d40-7155-11ea-ae11-051c0b01e688] - page.onError - stack:
  yl30 (https://cdn.jifo.co/js/dist/bundle_vendor-45812f3f22b0dc87ad33-1-webpack.js:2)
  a (https://cdn.jifo.co/js/dist/assets-embed_view-e26bcc99d73308ac228f-1-webpack.js:2)
  i8i4 (https://cdn.jifo.co/js/dist/bundle_vendor-45812f3f22b0dc87ad33-1-webpack.js:2)
  a (https://cdn.jifo.co/js/dist/assets-embed_view-e26bcc99d73308ac228f-1-webpack.js:2)
  JrY3 (https://cdn.jifo.co/js/dist/assets-embed_view-e26bcc99d73308ac228f-1-webpack.js:2)
  a (https://cdn.jifo.co/js/dist/assets-embed_view-e26bcc99d73308ac228f-1-webpack.js:2)
  BeUX (https://cdn.jifo.co/js/dist/assets-embed_view-e26bcc99d73308ac228f-1-webpack.js:2)
  a (https://cdn.jifo.co/js/dist/assets-embed_view-e26bcc99d73308ac228f-1-webpack.js:2)
  FL82 (https://cdn.jifo.co/js/dist/assets-embed_view-e26bcc99d73308ac228f-1-webpack.js:2)
  a (https://cdn.jifo.co/js/dist/assets-embed_view-e26bcc99d73308ac228f-1-webpack.js:2)
  (anonymous function) (https://cdn.jifo.co/js/dist/assets-embed_view-e26bcc99d73308ac228f-1-webpack.js:2)
  a (https://cdn.jifo.co/js/dist/assets-embed_view-e26bcc99d73308ac228f-1-webpack.js:2)
  r (https://cdn.jifo.co/js/dist/assets-embed_view-e26bcc99d73308ac228f-1-webpack.js:2)
  t (https://cdn.jifo.co/js/dist/assets-embed_view-e26bcc99d73308ac228f-1-webpack.js:2)

  phantomjs://platform/console++.js:263 in error
[ERROR - 2020-03-29T00:35:18.448Z] Session [21ea8d40-7155-11ea-ae11-051c0b01e688] - page.onError - msg: ReferenceError: Can't find variable: Map

  phantomjs://platform/console++.js:263 in error
[ERROR - 2020-03-29T00:35:18.448Z] Session [21ea8d40-7155-11ea-ae11-051c0b01e688] - page.onError - stack:
  yl30 (https://cdn.jifo.co/js/dist/bundle_vendor-45812f3f22b0dc87ad33-1-webpack.js:2)
  a (https://cdn.jifo.co/js/dist/assets-embed_view-e26bcc99d73308ac228f-1-webpack.js:2)
  i8i4 (https://cdn.jifo.co/js/dist/bundle_vendor-45812f3f22b0dc87ad33-1-webpack.js:2)
  a (https://cdn.jifo.co/js/dist/assets-embed_view-e26bcc99d73308ac228f-1-webpack.js:2)
  JrY3 (https://cdn.jifo.co/js/dist/assets-embed_view-e26bcc99d73308ac228f-1-webpack.js:2)
  a (https://cdn.jifo.co/js/dist/assets-embed_view-e26bcc99d73308ac228f-1-webpack.js:2)
  BeUX (https://cdn.jifo.co/js/dist/assets-embed_view-e26bcc99d73308ac228f-1-webpack.js:2)
  a (https://cdn.jifo.co/js/dist/assets-embed_view-e26bcc99d73308ac228f-1-webpack.js:2)
  FL82 (https://cdn.jifo.co/js/dist/assets-embed_view-e26bcc99d73308ac228f-1-webpack.js:2)
  a (https://cdn.jifo.co/js/dist/assets-embed_view-e26bcc99d73308ac228f-1-webpack.js:2)
  (anonymous function) (https://cdn.jifo.co/js/dist/assets-embed_view-e26bcc99d73308ac228f-1-webpack.js:2)
  a (https://cdn.jifo.co/js/dist/assets-embed_view-e26bcc99d73308ac228f-1-webpack.js:2)
  r (https://cdn.jifo.co/js/dist/assets-embed_view-e26bcc99d73308ac228f-1-webpack.js:2)
  t (https://cdn.jifo.co/js/dist/assets-embed_view-e26bcc99d73308ac228f-1-webpack.js:2)

  phantomjs://platform/console++.js:263 in error
[ERROR - 2020-03-29T00:35:30.284Z] Session [21ea8d40-7155-11ea-ae11-051c0b01e688] - page.onError - msg: InvalidStateError: DOM Exception 11: An attempt was made to use an object that is not, or is no longer, usable.

  phantomjs://platform/console++.js:263 in error
[ERROR - 2020-03-29T00:35:30.284Z] Session [21ea8d40-7155-11ea-ae11-051c0b01e688] - page.onError - stack:
  createPattern (https://widget.sndcdn.com/visual-single-sound-52df82c-6c44e3e8.js:2)
  r (https://widget.sndcdn.com/visual-single-sound-52df82c-6c44e3e8.js:2)
  draw (https://widget.sndcdn.com/visual-single-sound-52df82c-6c44e3e8.js:2)
  n (https://widget.sndcdn.com/widget-2bab22c-7e57e1b4.js:11)
  (anonymous function) (https://widget.sndcdn.com/widget-2bab22c-7e57e1b4.js:11)
  update (https://widget.sndcdn.com/visual-single-sound-52df82c-6c44e3e8.js:1)
  update (https://widget.sndcdn.com/visual-single-sound-52df82c-6c44e3e8.js:1)
  (anonymous function) (:0)

  phantomjs://platform/console++.js:263 in error
[ERROR - 2020-03-29T00:35:30.285Z] Session [21ea8d40-7155-11ea-ae11-051c0b01e688] - page.onError - msg: InvalidStateError: DOM Exception 11: An attempt was made to use an object that is not, or is no longer, usable.

  phantomjs://platform/console++.js:263 in error
[ERROR - 2020-03-29T00:35:30.286Z] Session [21ea8d40-7155-11ea-ae11-051c0b01e688] - page.onError - stack:
  createPattern (https://widget.sndcdn.com/visual-single-sound-52df82c-6c44e3e8.js:2)
  r (https://widget.sndcdn.com/visual-single-sound-52df82c-6c44e3e8.js:2)
  draw (https://widget.sndcdn.com/visual-single-sound-52df82c-6c44e3e8.js:2)
  n (https://widget.sndcdn.com/widget-2bab22c-7e57e1b4.js:11)
  (anonymous function) (https://widget.sndcdn.com/widget-2bab22c-7e57e1b4.js:11)
  update (https://widget.sndcdn.com/visual-single-sound-52df82c-6c44e3e8.js:1)
  update (https://widget.sndcdn.com/visual-single-sound-52df82c-6c44e3e8.js:1)
  (anonymous function) (:0)

  phantomjs://platform/console++.js:263 in error
[ERROR - 2020-03-29T00:35:30.287Z] Session [21ea8d40-7155-11ea-ae11-051c0b01e688] - page.onError - msg: InvalidStateError: DOM Exception 11: An attempt was made to use an object that is not, or is no longer, usable.

  phantomjs://platform/console++.js:263 in error
[ERROR - 2020-03-29T00:35:30.287Z] Session [21ea8d40-7155-11ea-ae11-051c0b01e688] - page.onError - stack:
  createPattern (https://widget.sndcdn.com/visual-single-sound-52df82c-6c44e3e8.js:2)
  r (https://widget.sndcdn.com/visual-single-sound-52df82c-6c44e3e8.js:2)
  draw (https://widget.sndcdn.com/visual-single-sound-52df82c-6c44e3e8.js:2)
  n (https://widget.sndcdn.com/widget-2bab22c-7e57e1b4.js:11)
  (anonymous function) (https://widget.sndcdn.com/widget-2bab22c-7e57e1b4.js:11)
  update (https://widget.sndcdn.com/visual-single-sound-52df82c-6c44e3e8.js:1)
  update (https://widget.sndcdn.com/visual-single-sound-52df82c-6c44e3e8.js:1)
  (anonymous function) (:0)

  phantomjs://platform/console++.js:263 in error
[ERROR - 2020-03-29T00:38:36.207Z] WebElementLocator - _handleLocateCommand - Element(s) NOT Found: GAVE UP. Search Stop Time: 1585442316184

  phantomjs://platform/console++.js:263 in error
[INFO  - 2020-03-29T00:40:03.507Z] SessionManagerReqHand - _cleanupWindowlessSessions - Asynchronous Sessions clean-up phase starting NOW
[ERROR - 2020-03-29T00:41:16.173Z] WebElementLocator - _handleLocateCommand - Element(s) NOT Found: GAVE UP. Search Stop Time: 1585442476144

  phantomjs://platform/console++.js:263 in error
